<?xml version="1.0" encoding="UTF-8"?>
<testng-results ignored="0" total="1" passed="1" failed="0" skipped="0">
  <reporter-output>
  </reporter-output>
  <suite started-at="2024-01-25T01:11:39 IST" name="Default suite" finished-at="2024-01-25T01:11:46 IST" duration-ms="7016">
    <groups>
    </groups>
    <test started-at="2024-01-25T01:11:39 IST" name="Default test" finished-at="2024-01-25T01:11:46 IST" duration-ms="7016">
      <class name="newSelenium.newSelenium.selTest">
        <test-method signature="test()[pri:0, instance:newSelenium.newSelenium.selTest@74235045]" started-at="2024-01-25T01:11:39 IST" name="test" finished-at="2024-01-25T01:11:46 IST" duration-ms="6958" status="PASS">
          <reporter-output>
          </reporter-output>
        </test-method> <!-- test -->
      </class> <!-- newSelenium.newSelenium.selTest -->
    </test> <!-- Default test -->
  </suite> <!-- Default suite -->
</testng-results>
