<?xml version="1.0" encoding="UTF-8"?>
<testng-results ignored="0" total="1" passed="1" failed="0" skipped="0">
  <reporter-output>
  </reporter-output>
  <suite started-at="2024-01-25T00:49:04 IST" name="Default suite" finished-at="2024-01-25T00:49:52 IST" duration-ms="47885">
    <groups>
    </groups>
    <test started-at="2024-01-25T00:49:04 IST" name="Default test" finished-at="2024-01-25T00:49:52 IST" duration-ms="47885">
      <class name="newSelenium.newSelenium.selTest">
        <test-method signature="test()[pri:0, instance:newSelenium.newSelenium.selTest@3b69e7d1]" started-at="2024-01-25T00:49:04 IST" name="test" finished-at="2024-01-25T00:49:52 IST" duration-ms="47799" status="PASS">
          <reporter-output>
          </reporter-output>
        </test-method> <!-- test -->
      </class> <!-- newSelenium.newSelenium.selTest -->
    </test> <!-- Default test -->
  </suite> <!-- Default suite -->
</testng-results>
